<html>
<body>
<pre>
<h1>µVision Build Log</h1>
<h2>Tool Versions:</h2>
IDE-Version: ¦ÌVision V5.18.0.0
Copyright (C) 2016 ARM Ltd and ARM Germany GmbH. All rights reserved.
License Information: dk dk, dk, LIC=FQQMM-XZKC2-5BIEB-2HXV2-2VWY0-BB1NJ
 
Tool Versions:
Toolchain:       MDK-ARM Professional  Version: 5.18
Toolchain Path:  D:\Keil_v5\ARM\ARMCC\Bin
C Compiler:      Armcc.exe V5.06 update 1 (build 61)
Assembler:       Armasm.exe V5.06 update 1 (build 61)
Linker/Locator:  ArmLink.exe V5.06 update 1 (build 61)
Library Manager: ArmAr.exe V5.06 update 1 (build 61)
Hex Converter:   FromElf.exe V5.06 update 1 (build 61)
CPU DLL:         SARMCM3.DLL V5.18
Dialog DLL:      DCM.DLL V1.13.6.0
Target DLL:      STLink\ST-LINKIII-KEIL_SWO.dll V2.0.18.0
Dialog DLL:      TCM.DLL V1.14.8.0
 
<h2>Project:</h2>
E:\github\dk-newlock\src\Project\lock.uvprojx
Project File Date:  03/15/2018

<h2>Output:</h2>
*** Using Compiler 'V5.06 update 1 (build 61)', folder: 'D:\Keil_v5\ARM\ARMCC\Bin'
Build target 'Target 1'
<<<<<<< HEAD
compiling main.c...
..\MQTT\transport.h(20): error:  #169: expected a declaration
  <<<<<<< HEAD
..\MQTT\transport.h(31): error:  #36: the #if for this directive is missing
  #endif
..\MQTT\transport.h(32): error:  #169: expected a declaration
  =======
..\MQTT\transport.h(36): error:  #169: expected a declaration
  >>>>>>> parent of 59d2934... c
..\MQTT\transport.h(41): error:  #169: expected a declaration
  >>>>>>> parent of 59d2934... c
..\driver\button.h(21): error:  #20: identifier "BUTTON_STATE" is undefined
  	BUTTON_STATE  		butt_state;
..\driver\button.h(44): error:  #20: identifier "BUTTON_STATE" is undefined
  BUTTON_STATE button_get_state(uint8_t button_name, uint32_t long_time);
..\app\main.c(163): error:  #29: expected an expression
  <<<<<<< HEAD
..\app\main.c(222): error:  #169: expected a declaration
  	while(0)
..\app\main.c(269): error:  #169: expected a declaration
  				}			
..\app\main.c(278): error:  #77-D: this declaration has no storage class or type specifier
  		p2 = strstr((u8 *)p1,(u8 *)PARK_LOCK_Buffer);
..\app\main.c(278): error:  #147: declaration is incompatible with "u8 *p2" (declared at line 48)
  		p2 = strstr((u8 *)p1,(u8 *)PARK_LOCK_Buffer);
..\app\main.c(278): error:  #59: function call is not allowed in a constant expression
  		p2 = strstr((u8 *)p1,(u8 *)PARK_LOCK_Buffer);
..\app\main.c(278): error:  #28: expression must have a constant value
  		p2 = strstr((u8 *)p1,(u8 *)PARK_LOCK_Buffer);
..\app\main.c(279): error:  #169: expected a declaration
  		if(strncmp((char *)p1,(char *)"topic: lock/",12)==0)
..\app\main.c(302): error:  #169: expected a declaration
  				}
..\app\main.c(331): error:  #169: expected a declaration
  		}
..\app\main.c(358): error:  #77-D: this declaration has no storage class or type specifier
  				Shaking = 0;
..\app\main.c(358): error:  #147: declaration is incompatible with "u8 Shaking" (declared at line 40)
  				Shaking = 0;
..\app\main.c(358): error:  #148: variable "Shaking" has already been initialized
  				Shaking = 0;
..\app\main.c(360): error:  #79: expected a type specifier
  				sprintf((char *)send_buff,"%s%s%s","AT+PUBLISH=lockback/",(char *)PARK_LOCK_Buffer,",44,2\r\n");
..\app\main.c(360): error:  #79: expected a type specifier
  				sprintf((char *)send_buff,"%s%s%s","AT+PUBLISH=lockback/",(char *)PARK_LOCK_Buffer,",44,2\r\n");
..\app\main.c(360): error:  #79: expected a type specifier
  				sprintf((char *)send_buff,"%s%s%s","AT+PUBLISH=lockback/",(char *)PARK_LOCK_Buffer,",44,2\r\n");
..\app\main.c(360): error:  #79: expected a type specifier
  				sprintf((char *)send_buff,"%s%s%s","AT+PUBLISH=lockback/",(char *)PARK_LOCK_Buffer,",44,2\r\n");
..\app\main.c(360): error:  #79: expected a type specifier
  				sprintf((char *)send_buff,"%s%s%s","AT+PUBLISH=lockback/",(char *)PARK_LOCK_Buffer,",44,2\r\n");
..\app\main.c(360): error:  #260-D: explicit type is missing ("int" assumed)
  				sprintf((char *)send_buff,"%s%s%s","AT+PUBLISH=lockback/",(char *)PARK_LOCK_Buffer,",44,2\r\n");
..\app\main.c(361): error:  #79: expected a type specifier
  				USART_OUT(
SART1, "send_buff=%s\r\n", send_buff);
..\app\main.c(361): error:  #79: expected a type specifier
  				USART_OUT(
SART1, "send_buff=%s\r\n", send_buff);
..\app\main.c(361): error:  #757: variable "send_buff" is not a type name
  				USART_OUT(
SART1, "send_buff=%s\r\n", send_buff);
..\app\main.c(361): error:  #260-D: explicit type is missing ("int" assumed)
  				USART_OUT(
SART1, "send_buff=%s\r\n", send_buff);
..\app\main.c: 0 warnings, 30 errors
compiling button.c...
compiling stm32l1xx_it.c...
compiling transport.c...
..\MQTT\transport.h(20): error:  #169: expected a declaration
  <<<<<<< HEAD
..\MQTT\transport.h(31): error:  #36: the #if for this directive is missing
  #endif
..\MQTT\transport.h(32): error:  #169: expected a declaration
  =======
..\MQTT\transport.h(36): error:  #169: expected a declaration
  >>>>>>> parent of 59d2934... c
..\MQTT\transport.h(41): error:  #169: expected a declaration
  >>>>>>> parent of 59d2934... c
D:\Keil_v5\ARM\ARMCC\Bin\..\include\stdio.h(352): error:  #20: identifier "size_t" is undefined
                     int /*mode*/, size_t /*size*/) __attribute__((__nonnull__(1)));
D:\Keil_v5\ARM\ARMCC\Bin\..\include\stdio.h(435): error:  #20: identifier "size_t" is undefined
  extern 
ARMABI int __ARM_snprintf(char * __restrict /*s*/, size_t /*n*/,
D:\Keil_v5\ARM\ARMCC\Bin\..\include\stdio.h(440): error:  #20: identifier "size_t" is undefined
  extern 
ARMABI int snprintf(char * __restrict /*s*/, size_t /*n*/,
D:\Keil_v5\ARM\ARMCC\Bin\..\include\stdio.h(461): error:  #20: identifier "size_t" is undefined
  extern 
ARMABI int _snprintf(char * __restrict /*s*/, size_t /*n*/,
D:\Keil_v5\ARM\ARMCC\Bin\..\include\stdio.h(594): error:  #20: identifier "size_t" is undefined
  extern 
ARMABI int __ARM_vsnprintf(char * __restrict /*s*/, size_t /*n*/,
D:\Keil_v5\ARM\ARMCC\Bin\..\include\stdio.h(597): error:  #20: identifier "size_t" is undefined
  extern 
ARMABI int vsnprintf(char * __restrict /*s*/, size_t /*n*/,
D:\Keil_v5\ARM\ARMCC\Bin\..\include\stdio.h(623): error:  #20: identifier "size_t" is undefined
  extern 
ARMABI int _vsnprintf(char * __restrict /*s*/, size_t /*n*/,
D:\Keil_v5\ARM\ARMCC\Bin\..\include\stdio.h(778): error:  #20: identifier "size_t" is undefined
  extern 
ARMABI size_t fread(void * __restrict /*ptr*/,
D:\Keil_v5\ARM\ARMCC\Bin\..\include\stdio.h(779): error:  #20: identifier "size_t" is undefined
                      size_t /*size*/, size_t /*nmemb*/, FILE * __restrict /*stream*/) __attribute__((__nonnull__(1,4)));
D:\Keil_v5\ARM\ARMCC\Bin\..\include\stdio.h(779): error:  #20: identifier "size_t" is undefined
                      size_t /*size*/, size_t /*nmemb*/, FILE * __restrict /*stream*/) __attribute__((__nonnull__(1,4)));
D:\Keil_v5\ARM\ARMCC\Bin\..\include\stdio.h(794): error:  #20: identifier "size_t" is undefined
  extern 
ARMABI size_t __fread_bytes_avail(void * __restrict /*ptr*/,
D:\Keil_v5\ARM\ARMCC\Bin\..\include\stdio.h(795): error:  #20: identifier "size_t" is undefined
                      size_t /*count*/, FILE * __restrict /*stream*/) __attribute__((__nonnull__(1,3)));
D:\Keil_v5\ARM\ARMCC\Bin\..\include\stdio.h(810): error:  #20: identifier "size_t" is undefined
  extern 
ARMABI size_t fwrite(const void * __restrict /*ptr*/,
D:\Keil_v5\ARM\ARMCC\Bin\..\include\stdio.h(811): error:  #20: identifier "size_t" is undefined
                      size_t /*size*/, size_t /*nmemb*/, FILE * __restrict /*stream*/) __attribute__((__nonnull__(1,4)));
D:\Keil_v5\ARM\ARMCC\Bin\..\include\stdio.h(811): error:  #20: identifier "size_t" is undefined
                      size_t /*size*/, size_t /*nmemb*/, FILE * __restrict /*stream*/) __attribute__((__nonnull__(1,4)));
..\MQTT\transport.c(109): error:  #169: expected a declaration
  <<<<<<< HEAD
..\MQTT\transport.c(142): error:  #77-D: this declaration has no storage class or type specifier
  	data.password.cstring = "testpassword";
..\MQTT\transport.c(142): error:  #65: expected a ";"
  	data.password.cstring = "testpassword";
..\MQTT\transport.c(144): error:  #77-D: this declaration has no storage class or type specifier
  	len = MQTTSerialize_connect(buf, buflen, &data);
..\MQTT\transport.c(144): error:  #59: function call is not allowed in a constant expression
  	len = MQTTSerialize_connect(buf, buflen, &data);
..\MQTT\transport.c(144): error:  #20: identifier "buf" is undefined
  	len = MQTTSerialize_connect(buf, buflen, &data);
..\MQTT\transport.c(144): error:  #20: identifier "buflen" is undefined
  	len = MQTTSerialize_connect(buf, buflen, &data);
..\MQTT\transport.c(146): error:  #79: expected a type specifier
  	usart_send(
SART1, buf, len);
..\MQTT\transport.c(146): error:  #757: "buf" is not a type name
  	usart_send(
SART1, buf, len);
..\MQTT\transport.c(146): error:  #757: variable "len" is not a type name
  	usart_send(
SART1, buf, len);
..\MQTT\transport.c: 0 warnings, 30 errors
compiling gprs.c...
..\MQTT\transport.h(20): error:  #169: expected a declaration
  <<<<<<< HEAD
..\MQTT\transport.h(31): error:  #36: the #if for this directive is missing
  #endif
..\MQTT\transport.h(32): error:  #169: expected a declaration
  =======
..\MQTT\transport.h(36): error:  #169: expected a declaration
  >>>>>>> parent of 59d2934... c
..\MQTT\transport.h(41): error:  #169: expected a declaration
  >>>>>>> parent of 59d2934... c
..\driver\gprs.c: 0 warnings, 5 errors
".\Objects\lock.axf" - 65 Error(s), 0 Warning(s).
=======
".\Objects\lock.axf" - 0 Error(s), 0 Warning(s).
>>>>>>> parent of e82d9ad... c

<h2>Collection of Component include folders:</h2>
  E:\github\dk-newlock\src\Project\RTE
  D:\Keil_v5\ARM\PACK\Keil\STM32L1xx_DFP\1.2.0\Device\Include

<h2>Collection of Component Files used:</h2>
<<<<<<< HEAD
Target not created.
Build Time Elapsed:  00:00:04
=======
Build Time Elapsed:  00:00:01
>>>>>>> parent of e82d9ad... c
</pre>
</body>
</html>
